<?xml version="1.0" encoding="UTF-8"?>
<testng-results skipped="0" failed="0" total="1" passed="1">
  <reporter-output>
    <line>
      <![CDATA[Start Test: tst_01_quick_test]]>
    </line>
    <line>
      <![CDATA[Log on to website<br>]]>
    </line>
    <line>
      <![CDATA[ASSERT: Check Title<br>]]>
    </line>
    <line>
      <![CDATA[  Result: PASS<br>]]>
    </line>
    <line>
      <![CDATA[  actual: ONLINE STORE | Toolsqa Dummy Test site<br>]]>
    </line>
    <line>
      <![CDATA[  expected: ONLINE STORE | Toolsqa Dummy Test site<br>]]>
    </line>
    <line>
      <![CDATA[  Screen Capture is: screen_capture_1_verify<br>]]>
    </line>
    <line>
      <![CDATA[Wait after test - wait time: 4 seconds.<br>]]>
    </line>
    <line>
      <![CDATA[End Test: tst_01_quick_test]]>
    </line>
  </reporter-output>
  <suite name="Default suite" duration-ms="26743" started-at="2016-11-22T01:54:45Z" finished-at="2016-11-22T01:55:12Z">
    <groups>
    </groups>
    <test name="Default test" duration-ms="26743" started-at="2016-11-22T01:54:45Z" finished-at="2016-11-22T01:55:12Z">
      <class name="testCases.tst_01_quick_test">
        <test-method status="PASS" signature="beforeClass()[pri:0, instance:testCases.tst_01_quick_test@5b275dab]" name="beforeClass" is-config="true" duration-ms="12609" started-at="2016-11-21T19:54:45Z" finished-at="2016-11-21T19:54:57Z">
          <reporter-output>
            <line>
              <![CDATA[Start Test: tst_01_quick_test]]>
            </line>
          </reporter-output>
        </test-method> <!-- beforeClass -->
        <test-method status="PASS" signature="test_case_basic_step()[pri:0, instance:testCases.tst_01_quick_test@5b275dab]" name="test_case_basic_step" duration-ms="11621" started-at="2016-11-21T19:54:57Z" finished-at="2016-11-21T19:55:09Z">
          <reporter-output>
            <line>
              <![CDATA[Log on to website<br>]]>
            </line>
            <line>
              <![CDATA[ASSERT: Check Title<br>]]>
            </line>
            <line>
              <![CDATA[  Result: PASS<br>]]>
            </line>
            <line>
              <![CDATA[  actual: ONLINE STORE | Toolsqa Dummy Test site<br>]]>
            </line>
            <line>
              <![CDATA[  expected: ONLINE STORE | Toolsqa Dummy Test site<br>]]>
            </line>
            <line>
              <![CDATA[  Screen Capture is: screen_capture_1_verify<br>]]>
            </line>
            <line>
              <![CDATA[Wait after test - wait time: 4 seconds.<br>]]>
            </line>
          </reporter-output>
        </test-method> <!-- test_case_basic_step -->
        <test-method status="PASS" signature="afterClass()[pri:0, instance:testCases.tst_01_quick_test@5b275dab]" name="afterClass" is-config="true" duration-ms="2456" started-at="2016-11-21T19:55:09Z" finished-at="2016-11-21T19:55:12Z">
          <reporter-output>
            <line>
              <![CDATA[End Test: tst_01_quick_test]]>
            </line>
          </reporter-output>
        </test-method> <!-- afterClass -->
      </class> <!-- testCases.tst_01_quick_test -->
    </test> <!-- Default test -->
  </suite> <!-- Default suite -->
</testng-results>
